<?xml version="1.0" encoding="UTF-8"?>
<testng-results total="1" passed="1" failed="0" skipped="0">
  <reporter-output>
  </reporter-output>
  <suite started-at="2020-04-02T12:56:35Z" name="Default suite" finished-at="2020-04-02T12:56:52Z" duration-ms="16554">
    <groups>
    </groups>
    <test started-at="2020-04-02T12:56:35Z" name="Default test" finished-at="2020-04-02T12:56:52Z" duration-ms="16554">
      <class name="PageObjectModel">
        <test-method is-config="true" signature="InitiateWebDriver()[pri:0, instance:PageObjectModel@4803b726]" started-at="2020-04-02T05:56:35Z" name="InitiateWebDriver" finished-at="2020-04-02T05:56:40Z" duration-ms="4485" status="PASS">
          <reporter-output>
          </reporter-output>
        </test-method> <!-- InitiateWebDriver -->
        <test-method signature="FlipKartSignIn()[pri:0, instance:PageObjectModel@4803b726]" started-at="2020-04-02T05:56:40Z" name="FlipKartSignIn" finished-at="2020-04-02T05:56:49Z" duration-ms="9716" status="PASS">
          <reporter-output>
          </reporter-output>
        </test-method> <!-- FlipKartSignIn -->
        <test-method is-config="true" signature="CloseBrowser()[pri:0, instance:PageObjectModel@4803b726]" started-at="2020-04-02T05:56:49Z" name="CloseBrowser" finished-at="2020-04-02T05:56:52Z" duration-ms="2285" status="PASS">
          <reporter-output>
          </reporter-output>
        </test-method> <!-- CloseBrowser -->
      </class> <!-- PageObjectModel -->
    </test> <!-- Default test -->
  </suite> <!-- Default suite -->
</testng-results>
